This is pdfTeX, Version 3.141592653-2.6-1.40.29 (MiKTeX 26.2) (preloaded format=pdflatex 2026.2.25)  4 MAR 2026 16:52
entering extended mode
 restricted \write18 enabled.
 file:line:error style messages enabled.
 %&-line parsing enabled.
**d:/iskola/Academia_main/C--documentation/documentacion.tex
(d:/iskola/Academia_main/C--documentation/documentacion.tex
LaTeX2e <2025-11-01>
L3 programming layer <2026-01-19>
(C:\Users\MSI GS63 Stealth 8RE\AppData\Local\Programs\MiKTeX\tex/latex/base\article.cls
Document Class: article 2025/01/22 v1.4n Standard LaTeX document class
(C:\Users\MSI GS63 Stealth 8RE\AppData\Local\Programs\MiKTeX\tex/latex/base\size10.clo
File: size10.clo 2025/01/22 v1.4n Standard LaTeX file (size option)
)
\c@part=\count275
\c@section=\count276
\c@subsection=\count277
\c@subsubsection=\count278
\c@paragraph=\count279
\c@subparagraph=\count280
\c@figure=\count281
\c@table=\count282
\abovecaptionskip=\skip49
\belowcaptionskip=\skip50
\bibindent=\dimen148
) (C:\Users\MSI GS63 Stealth 8RE\AppData\Local\Programs\MiKTeX\tex/latex/base\inputenc.sty
Package: inputenc 2024/02/08 v1.3d Input encoding file
\inpenc@prehook=\toks17
\inpenc@posthook=\toks18
) (C:\Users\MSI GS63 Stealth 8RE\AppData\Local\Programs\MiKTeX\tex/latex/l3backend\l3backend-pdftex.def
File: l3backend-pdftex.def 2025-10-09 L3 backend support: PDF output (pdfTeX)
\l__color_backend_stack_int=\count283
) (documentacion.aux)
\openout1 = `documentacion.aux'.

LaTeX Font Info:    Checking defaults for OML/cmm/m/it on input line 8.
LaTeX Font Info:    ... okay on input line 8.
LaTeX Font Info:    Checking defaults for OMS/cmsy/m/n on input line 8.
LaTeX Font Info:    ... okay on input line 8.
LaTeX Font Info:    Checking defaults for OT1/cmr/m/n on input line 8.
LaTeX Font Info:    ... okay on input line 8.
LaTeX Font Info:    Checking defaults for T1/cmr/m/n on input line 8.
LaTeX Font Info:    ... okay on input line 8.
LaTeX Font Info:    Checking defaults for TS1/cmr/m/n on input line 8.
LaTeX Font Info:    ... okay on input line 8.
LaTeX Font Info:    Checking defaults for OMX/cmex/m/n on input line 8.
LaTeX Font Info:    ... okay on input line 8.
LaTeX Font Info:    Checking defaults for U/cmr/m/n on input line 8.
LaTeX Font Info:    ... okay on input line 8.
LaTeX Font Info:    External font `cmex10' loaded for size
(Font)              <12> on input line 10.
LaTeX Font Info:    External font `cmex10' loaded for size
(Font)              <8> on input line 10.
LaTeX Font Info:    External font `cmex10' loaded for size
(Font)              <6> on input line 10.
 [1

{C:/Users/MSI GS63 Stealth 8RE/AppData/Local/MiKTeX/fonts/map/pdftex/pdftex.map}] (documentacion.toc
LaTeX Font Info:    External font `cmex10' loaded for size
(Font)              <7> on input line 2.
LaTeX Font Info:    External font `cmex10' loaded for size
(Font)              <5> on input line 2.
 [2] [3])
\tf@toc=\write3
\openout3 = `documentacion.toc'.

 [4]
Overfull \hbox (12.66731pt too wide) in paragraph at lines 36--37
\OT1/cmr/m/n/10 con-cepts that trans-fer well to other lan-guages like Java, C++, and JavaScript. 
 []

[5]
Overfull \hbox (32.52649pt too wide) in paragraph at lines 72--73
[]\OT1/cmr/m/n/10 Visit the of-fi-cial Vi-sual Stu-dio web-site: \OT1/cmtt/m/n/10 https://visualstudio.microsoft.com/ 
 []

[6] [7] [8] [9]
Overfull \hbox (36.16733pt too wide) in paragraph at lines 207--208
[]\OT1/cmtt/m/n/10 long \OT1/cmr/m/n/10 -- larger in-te-gers from -9,223,372,036,854,775,808 to 9,223,372,036,854,775,807 
 []

[10]
Overfull \hbox (32.9967pt too wide) in paragraph at lines 271--271
[]\OT1/cmtt/m/n/10 int myInt = (int)myDouble;  // manual casting: double to int (loses .78)[] 
 []

[11]
Overfull \hbox (1.49698pt too wide) in paragraph at lines 313--313
[]\OT1/cmtt/m/n/10 Array.Sort(numbers);                // sort array: {1, 2, 5, 8, 9}[] 
 []

[12] [13] [14] [15] [16] [17]
Overfull \hbox (38.24666pt too wide) in paragraph at lines 592--592
[]\OT1/cmtt/m/n/10 static void CreateUser(string name, int age = 18, string country = "USA")[] 
 []

[18] [19] [20]
Overfull \hbox (22.4968pt too wide) in paragraph at lines 727--727
[]        \OT1/cmtt/m/n/10 Console.WriteLine($"Hello, my name is {name} and I'm {Age}.");[] 
 []


Overfull \hbox (38.24666pt too wide) in paragraph at lines 741--741
[]\OT1/cmtt/m/n/10 class Animal { public virtual void Speak() => Console.WriteLine("..."); }[] 
 []


Overfull \hbox (80.24629pt too wide) in paragraph at lines 741--741
[]\OT1/cmtt/m/n/10 class Dog : Animal { public override void Speak() => Console.WriteLine("Woof"); }[] 
 []


Overfull \hbox (158.9956pt too wide) in paragraph at lines 749--749
[]\OT1/cmtt/m/n/10 class ConsoleLogger : ILogger { public void Log(string message) => Console.WriteLine(message); }[] 
 []

[21] [22] [23] [24] [25] [26]
Overfull \hbox (1.85986pt too wide) in paragraph at lines 941--942
[]\OT1/cmr/bx/n/10 Mobile De-vel-op-ment: \OT1/cmr/m/n/10 Cre-ate mo-bile apps with Xa-m-arin or .NET MAUI 
 []


Overfull \hbox (72.29883pt too wide) in paragraph at lines 950--951
[]\OT1/cmr/bx/n/10 Microsoft Learn: \OT1/cmr/m/n/10 Free of-fi-cial tu-to-ri-als and learn-ing paths (\OT1/cmtt/m/n/10 docs.microsoft.com/learn\OT1/cmr/m/n/10 ) 
 []


Overfull \hbox (75.0398pt too wide) in paragraph at lines 951--952
[]\OT1/cmr/bx/n/10 C# Doc-u-men-ta-tion: \OT1/cmr/m/n/10 Com-pre-hen-sive ref-er-ence (\OT1/cmtt/m/n/10 docs.microsoft.com/dotnet/csharp/\OT1/cmr/m/n/10 ) 
 []

[27] [28] (documentacion.aux)
 ***********
LaTeX2e <2025-11-01>
L3 programming layer <2026-01-19>
 ***********
 ) 
Here is how much of TeX's memory you used:
 522 strings out of 467866
 10179 string characters out of 5411017
 448759 words of memory out of 5000000
 29464 multiletter control sequences out of 15000+600000
 633432 words of font info for 59 fonts, out of 8000000 for 9000
 1141 hyphenation exceptions out of 8191
 35i,6n,38p,689b,328s stack positions out of 10000i,1000n,20000p,200000b,200000s
 <C:\Users\MSI GS63 Stealth 8RE\AppData\Local\MiKTeX\fonts/pk/ljfour/jknappen/ec/dpi600\tcrm1000.pk><C:/Users/MSI GS63 Stealth 8RE/AppData/Local/Programs/MiKTeX/fonts/type1/public/amsfonts/cm/cmbx10.pfb><C:/Users/MSI GS63 Stealth 8RE/AppData/Local/Programs/MiKTeX/fonts/type1/public/amsfonts/cm/cmbx12.pfb><C:/Users/MSI GS63 Stealth 8RE/AppData/Local/Programs/MiKTeX/fonts/type1/public/amsfonts/cm/cmbx9.pfb><C:/Users/MSI GS63 Stealth 8RE/AppData/Local/Programs/MiKTeX/fonts/type1/public/amsfonts/cm/cmr10.pfb><C:/Users/MSI GS63 Stealth 8RE/AppData/Local/Programs/MiKTeX/fonts/type1/public/amsfonts/cm/cmr12.pfb><C:/Users/MSI GS63 Stealth 8RE/AppData/Local/Programs/MiKTeX/fonts/type1/public/amsfonts/cm/cmr17.pfb><C:/Users/MSI GS63 Stealth 8RE/AppData/Local/Programs/MiKTeX/fonts/type1/public/amsfonts/cm/cmr9.pfb><C:/Users/MSI GS63 Stealth 8RE/AppData/Local/Programs/MiKTeX/fonts/type1/public/amsfonts/cm/cmti10.pfb><C:/Users/MSI GS63 Stealth 8RE/AppData/Local/Programs/MiKTeX/fonts/type1/public/amsfonts/cm/cmtt10.pfb>
Output written on documentacion.pdf (28 pages, 208394 bytes).
PDF statistics:
 142 PDF objects out of 1000 (max. 8388607)
 0 named destinations out of 1000 (max. 500000)
 1 words of extra memory for PDF output out of 10000 (max. 10000000)

