\BOOKMARK [1][-]{section.1}{\376\377\000I\000n\000t\000r\000o\000d\000u\000c\000t\000i\000o\000n}{}% 1
\BOOKMARK [2][-]{subsection.1.1}{\376\377\000W\000h\000a\000t\000\040\000i\000s\000\040\000C\000\043\000?}{section.1}% 2
\BOOKMARK [2][-]{subsection.1.2}{\376\377\000W\000h\000y\000\040\000L\000e\000a\000r\000n\000\040\000C\000\043\000?}{section.1}% 3
\BOOKMARK [2][-]{subsection.1.3}{\376\377\000T\000h\000e\000\040\000F\000o\000u\000n\000d\000a\000t\000i\000o\000n\000\040\000o\000f\000\040\000C\000\043}{section.1}% 4
\BOOKMARK [3][-]{subsubsection.1.3.1}{\376\377\000O\000b\000j\000e\000c\000t\000-\000O\000r\000i\000e\000n\000t\000e\000d\000\040\000P\000r\000o\000g\000r\000a\000m\000m\000i\000n\000g}{subsection.1.3}% 5
\BOOKMARK [3][-]{subsubsection.1.3.2}{\376\377\000T\000y\000p\000e\000\040\000S\000a\000f\000e\000t\000y}{subsection.1.3}% 6
\BOOKMARK [3][-]{subsubsection.1.3.3}{\376\377\000T\000h\000e\000\040\000.\000N\000E\000T\000\040\000F\000r\000a\000m\000e\000w\000o\000r\000k}{subsection.1.3}% 7
\BOOKMARK [1][-]{section.2}{\376\377\000G\000e\000t\000t\000i\000n\000g\000\040\000S\000t\000a\000r\000t\000e\000d}{}% 8
\BOOKMARK [2][-]{subsection.2.1}{\376\377\000I\000n\000s\000t\000a\000l\000l\000i\000n\000g\000\040\000V\000i\000s\000u\000a\000l\000\040\000S\000t\000u\000d\000i\000o}{section.2}% 9
\BOOKMARK [3][-]{subsubsection.2.1.1}{\376\377\000D\000o\000w\000n\000l\000o\000a\000d\000i\000n\000g\000\040\000V\000i\000s\000u\000a\000l\000\040\000S\000t\000u\000d\000i\000o}{subsection.2.1}% 10
\BOOKMARK [3][-]{subsubsection.2.1.2}{\376\377\000I\000n\000s\000t\000a\000l\000l\000a\000t\000i\000o\000n\000\040\000P\000r\000o\000c\000e\000s\000s}{subsection.2.1}% 11
\BOOKMARK [2][-]{subsection.2.2}{\376\377\000C\000r\000e\000a\000t\000i\000n\000g\000\040\000Y\000o\000u\000r\000\040\000F\000i\000r\000s\000t\000\040\000P\000r\000o\000j\000e\000c\000t}{section.2}% 12
\BOOKMARK [3][-]{subsubsection.2.2.1}{\376\377\000S\000t\000a\000r\000t\000i\000n\000g\000\040\000a\000\040\000N\000e\000w\000\040\000P\000r\000o\000j\000e\000c\000t}{subsection.2.2}% 13
\BOOKMARK [3][-]{subsubsection.2.2.2}{\376\377\000C\000o\000n\000f\000i\000g\000u\000r\000i\000n\000g\000\040\000Y\000o\000u\000r\000\040\000P\000r\000o\000j\000e\000c\000t}{subsection.2.2}% 14
\BOOKMARK [2][-]{subsection.2.3}{\376\377\000R\000u\000n\000n\000i\000n\000g\000\040\000Y\000o\000u\000r\000\040\000F\000i\000r\000s\000t\000\040\000P\000r\000o\000g\000r\000a\000m}{section.2}% 15
\BOOKMARK [3][-]{subsubsection.2.3.1}{\376\377\000U\000n\000d\000e\000r\000s\000t\000a\000n\000d\000i\000n\000g\000\040\000t\000h\000e\000\040\000C\000o\000d\000e}{subsection.2.3}% 16
\BOOKMARK [3][-]{subsubsection.2.3.2}{\376\377\000R\000u\000n\000n\000i\000n\000g\000\040\000t\000h\000e\000\040\000P\000r\000o\000g\000r\000a\000m}{subsection.2.3}% 17
\BOOKMARK [2][-]{subsection.2.4}{\376\377\000U\000n\000d\000e\000r\000s\000t\000a\000n\000d\000i\000n\000g\000\040\000t\000h\000e\000\040\000V\000i\000s\000u\000a\000l\000\040\000S\000t\000u\000d\000i\000o\000\040\000I\000n\000t\000e\000r\000f\000a\000c\000e}{section.2}% 18
\BOOKMARK [2][-]{subsection.2.5}{\376\377\000C\000o\000m\000m\000o\000n\000\040\000K\000e\000y\000b\000o\000a\000r\000d\000\040\000S\000h\000o\000r\000t\000c\000u\000t\000s}{section.2}% 19
\BOOKMARK [1][-]{section.3}{\376\377\000B\000a\000s\000i\000c\000\040\000S\000y\000n\000t\000a\000x}{}% 20
\BOOKMARK [2][-]{subsection.3.1}{\376\377\000V\000a\000r\000i\000a\000b\000l\000e\000s\000\040\000a\000n\000d\000\040\000T\000y\000p\000e\000s}{section.3}% 21
\BOOKMARK [3][-]{subsubsection.3.1.1}{\376\377\000W\000h\000a\000t\000\040\000i\000s\000\040\000a\000\040\000V\000a\000r\000i\000a\000b\000l\000e\000?}{subsection.3.1}% 22
\BOOKMARK [3][-]{subsubsection.3.1.2}{\376\377\000W\000h\000y\000\040\000A\000r\000e\000\040\000V\000a\000r\000i\000a\000b\000l\000e\000s\000\040\000I\000m\000p\000o\000r\000t\000a\000n\000t\000?}{subsection.3.1}% 23
\BOOKMARK [3][-]{subsubsection.3.1.3}{\376\377\000D\000a\000t\000a\000\040\000T\000y\000p\000e\000s\000\040\000i\000n\000\040\000C\000\043}{subsection.3.1}% 24
\BOOKMARK [3][-]{subsubsection.3.1.4}{\376\377\000D\000e\000c\000l\000a\000r\000i\000n\000g\000\040\000a\000n\000d\000\040\000I\000n\000i\000t\000i\000a\000l\000i\000z\000i\000n\000g\000\040\000V\000a\000r\000i\000a\000b\000l\000e\000s}{subsection.3.1}% 25
\BOOKMARK [3][-]{subsubsection.3.1.5}{\376\377\000T\000h\000e\000\040\000v\000a\000r\000\040\000K\000e\000y\000w\000o\000r\000d}{subsection.3.1}% 26
\BOOKMARK [3][-]{subsubsection.3.1.6}{\376\377\000T\000y\000p\000e\000\040\000C\000o\000n\000v\000e\000r\000s\000i\000o\000n}{subsection.3.1}% 27
\BOOKMARK [2][-]{subsection.3.2}{\376\377\000A\000r\000r\000a\000y\000s\000\040\000a\000n\000d\000\040\000C\000o\000l\000l\000e\000c\000t\000i\000o\000n\000s}{section.3}% 28
\BOOKMARK [3][-]{subsubsection.3.2.1}{\376\377\000W\000h\000a\000t\000\040\000i\000s\000\040\000a\000n\000\040\000A\000r\000r\000a\000y\000?}{subsection.3.2}% 29
\BOOKMARK [3][-]{subsubsection.3.2.2}{\376\377\000D\000e\000c\000l\000a\000r\000i\000n\000g\000\040\000a\000n\000d\000\040\000I\000n\000i\000t\000i\000a\000l\000i\000z\000i\000n\000g\000\040\000A\000r\000r\000a\000y\000s}{subsection.3.2}% 30
\BOOKMARK [3][-]{subsubsection.3.2.3}{\376\377\000A\000c\000c\000e\000s\000s\000i\000n\000g\000\040\000A\000r\000r\000a\000y\000\040\000E\000l\000e\000m\000e\000n\000t\000s}{subsection.3.2}% 31
\BOOKMARK [3][-]{subsubsection.3.2.4}{\376\377\000A\000r\000r\000a\000y\000\040\000P\000r\000o\000p\000e\000r\000t\000i\000e\000s\000\040\000a\000n\000d\000\040\000M\000e\000t\000h\000o\000d\000s}{subsection.3.2}% 32
\BOOKMARK [3][-]{subsubsection.3.2.5}{\376\377\000M\000u\000l\000t\000i\000-\000D\000i\000m\000e\000n\000s\000i\000o\000n\000a\000l\000\040\000A\000r\000r\000a\000y\000s}{subsection.3.2}% 33
\BOOKMARK [2][-]{subsection.3.3}{\376\377\000C\000o\000n\000t\000r\000o\000l\000\040\000F\000l\000o\000w}{section.3}% 34
\BOOKMARK [3][-]{subsubsection.3.3.1}{\376\377\000W\000h\000a\000t\000\040\000i\000s\000\040\000C\000o\000n\000d\000i\000t\000i\000o\000n\000a\000l\000\040\000E\000x\000e\000c\000u\000t\000i\000o\000n\000?}{subsection.3.3}% 35
\BOOKMARK [3][-]{subsubsection.3.3.2}{\376\377\000I\000f\000\040\000S\000t\000a\000t\000e\000m\000e\000n\000t\000s}{subsection.3.3}% 36
\BOOKMARK [3][-]{subsubsection.3.3.3}{\376\377\000E\000l\000s\000e\000\040\000I\000f\000\040\000S\000t\000a\000t\000e\000m\000e\000n\000t\000s}{subsection.3.3}% 37
\BOOKMARK [3][-]{subsubsection.3.3.4}{\376\377\000C\000o\000m\000p\000a\000r\000i\000s\000o\000n\000\040\000O\000p\000e\000r\000a\000t\000o\000r\000s}{subsection.3.3}% 38
\BOOKMARK [3][-]{subsubsection.3.3.5}{\376\377\000L\000o\000g\000i\000c\000a\000l\000\040\000O\000p\000e\000r\000a\000t\000o\000r\000s}{subsection.3.3}% 39
\BOOKMARK [3][-]{subsubsection.3.3.6}{\376\377\000S\000w\000i\000t\000c\000h\000\040\000S\000t\000a\000t\000e\000m\000e\000n\000t\000s}{subsection.3.3}% 40
\BOOKMARK [2][-]{subsection.3.4}{\376\377\000L\000o\000o\000p\000s}{section.3}% 41
\BOOKMARK [3][-]{subsubsection.3.4.1}{\376\377\000F\000o\000r\000\040\000L\000o\000o\000p\000s}{subsection.3.4}% 42
\BOOKMARK [3][-]{subsubsection.3.4.2}{\376\377\000W\000h\000i\000l\000e\000\040\000L\000o\000o\000p\000s}{subsection.3.4}% 43
\BOOKMARK [3][-]{subsubsection.3.4.3}{\376\377\000D\000o\000-\000W\000h\000i\000l\000e\000\040\000L\000o\000o\000p\000s}{subsection.3.4}% 44
\BOOKMARK [3][-]{subsubsection.3.4.4}{\376\377\000F\000o\000r\000e\000a\000c\000h\000\040\000L\000o\000o\000p\000s}{subsection.3.4}% 45
\BOOKMARK [3][-]{subsubsection.3.4.5}{\376\377\000L\000o\000o\000p\000\040\000C\000o\000n\000t\000r\000o\000l\000\040\000S\000t\000a\000t\000e\000m\000e\000n\000t\000s}{subsection.3.4}% 46
\BOOKMARK [2][-]{subsection.3.5}{\376\377\000M\000e\000t\000h\000o\000d\000s\000\040\000a\000n\000d\000\040\000F\000u\000n\000c\000t\000i\000o\000n\000s}{section.3}% 47
\BOOKMARK [3][-]{subsubsection.3.5.1}{\376\377\000W\000h\000a\000t\000\040\000i\000s\000\040\000a\000\040\000M\000e\000t\000h\000o\000d\000?}{subsection.3.5}% 48
\BOOKMARK [3][-]{subsubsection.3.5.2}{\376\377\000M\000e\000t\000h\000o\000d\000\040\000S\000t\000r\000u\000c\000t\000u\000r\000e}{subsection.3.5}% 49
\BOOKMARK [3][-]{subsubsection.3.5.3}{\376\377\000C\000r\000e\000a\000t\000i\000n\000g\000\040\000a\000n\000d\000\040\000C\000a\000l\000l\000i\000n\000g\000\040\000M\000e\000t\000h\000o\000d\000s}{subsection.3.5}% 50
\BOOKMARK [3][-]{subsubsection.3.5.4}{\376\377\000M\000e\000t\000h\000o\000d\000\040\000P\000a\000r\000a\000m\000e\000t\000e\000r\000s}{subsection.3.5}% 51
\BOOKMARK [3][-]{subsubsection.3.5.5}{\376\377\000M\000e\000t\000h\000o\000d\000\040\000O\000v\000e\000r\000l\000o\000a\000d\000i\000n\000g}{subsection.3.5}% 52
\BOOKMARK [2][-]{subsection.3.6}{\376\377\000C\000o\000m\000m\000e\000n\000t\000s\000\040\000a\000n\000d\000\040\000F\000o\000r\000m\000a\000t\000t\000i\000n\000g}{section.3}% 53
\BOOKMARK [3][-]{subsubsection.3.6.1}{\376\377\000S\000i\000n\000g\000l\000e\000-\000L\000i\000n\000e\000\040\000C\000o\000m\000m\000e\000n\000t\000s}{subsection.3.6}% 54
\BOOKMARK [3][-]{subsubsection.3.6.2}{\376\377\000M\000u\000l\000t\000i\000-\000L\000i\000n\000e\000\040\000C\000o\000m\000m\000e\000n\000t\000s}{subsection.3.6}% 55
\BOOKMARK [3][-]{subsubsection.3.6.3}{\376\377\000X\000M\000L\000\040\000D\000o\000c\000u\000m\000e\000n\000t\000a\000t\000i\000o\000n\000\040\000C\000o\000m\000m\000e\000n\000t\000s}{subsection.3.6}% 56
\BOOKMARK [2][-]{subsection.3.7}{\376\377\000C\000o\000m\000m\000o\000n\000\040\000O\000p\000e\000r\000a\000t\000o\000r\000s}{section.3}% 57
\BOOKMARK [3][-]{subsubsection.3.7.1}{\376\377\000A\000r\000i\000t\000h\000m\000e\000t\000i\000c\000\040\000O\000p\000e\000r\000a\000t\000o\000r\000s}{subsection.3.7}% 58
\BOOKMARK [3][-]{subsubsection.3.7.2}{\376\377\000A\000s\000s\000i\000g\000n\000m\000e\000n\000t\000\040\000O\000p\000e\000r\000a\000t\000o\000r\000s}{subsection.3.7}% 59
\BOOKMARK [3][-]{subsubsection.3.7.3}{\376\377\000I\000n\000c\000r\000e\000m\000e\000n\000t\000\040\000a\000n\000d\000\040\000D\000e\000c\000r\000e\000m\000e\000n\000t}{subsection.3.7}% 60
\BOOKMARK [2][-]{subsection.3.8}{\376\377\000C\000o\000d\000i\000n\000g\000\040\000P\000r\000a\000c\000t\000i\000c\000e\000:\000\040\000B\000a\000s\000i\000c\000\040\000S\000y\000n\000t\000a\000x}{section.3}% 61
\BOOKMARK [1][-]{section.4}{\376\377\000O\000b\000j\000e\000c\000t\000-\000O\000r\000i\000e\000n\000t\000e\000d\000\040\000P\000r\000o\000g\000r\000a\000m\000m\000i\000n\000g}{}% 62
\BOOKMARK [2][-]{subsection.4.1}{\376\377\000C\000l\000a\000s\000s\000e\000s\000\040\000a\000n\000d\000\040\000O\000b\000j\000e\000c\000t\000s}{section.4}% 63
\BOOKMARK [2][-]{subsection.4.2}{\376\377\000E\000n\000c\000a\000p\000s\000u\000l\000a\000t\000i\000o\000n\000\040\000a\000n\000d\000\040\000A\000c\000c\000e\000s\000s\000\040\000M\000o\000d\000i\000f\000i\000e\000r\000s}{section.4}% 64
\BOOKMARK [2][-]{subsection.4.3}{\376\377\000I\000n\000h\000e\000r\000i\000t\000a\000n\000c\000e\000\040\000a\000n\000d\000\040\000P\000o\000l\000y\000m\000o\000r\000p\000h\000i\000s\000m}{section.4}% 65
\BOOKMARK [2][-]{subsection.4.4}{\376\377\000I\000n\000t\000e\000r\000f\000a\000c\000e\000s}{section.4}% 66
\BOOKMARK [2][-]{subsection.4.5}{\376\377\000B\000e\000s\000t\000\040\000P\000r\000a\000c\000t\000i\000c\000e\000s}{section.4}% 67
\BOOKMARK [2][-]{subsection.4.6}{\376\377\000C\000o\000d\000i\000n\000g\000\040\000P\000r\000a\000c\000t\000i\000c\000e\000:\000\040\000O\000b\000j\000e\000c\000t\000-\000O\000r\000i\000e\000n\000t\000e\000d\000\040\000P\000r\000o\000g\000r\000a\000m\000m\000i\000n\000g}{section.4}% 68
\BOOKMARK [1][-]{section.5}{\376\377\000M\000i\000n\000i\000\040\000P\000r\000o\000j\000e\000c\000t\000s}{}% 69
\BOOKMARK [2][-]{subsection.5.1}{\376\377\000P\000r\000o\000j\000e\000c\000t\000\040\0001\000:\000\040\000C\000a\000l\000c\000u\000l\000a\000t\000o\000r\000\040\000A\000p\000p\000l\000i\000c\000a\000t\000i\000o\000n}{section.5}% 70
\BOOKMARK [2][-]{subsection.5.2}{\376\377\000P\000r\000o\000j\000e\000c\000t\000\040\0002\000:\000\040\000T\000o\000-\000D\000o\000\040\000L\000i\000s\000t\000\040\000M\000a\000n\000a\000g\000e\000r}{section.5}% 71
\BOOKMARK [2][-]{subsection.5.3}{\376\377\000P\000r\000o\000j\000e\000c\000t\000\040\0003\000:\000\040\000N\000u\000m\000b\000e\000r\000\040\000G\000u\000e\000s\000s\000i\000n\000g\000\040\000G\000a\000m\000e}{section.5}% 72
\BOOKMARK [2][-]{subsection.5.4}{\376\377\000P\000r\000o\000j\000e\000c\000t\000\040\0004\000:\000\040\000C\000o\000n\000t\000a\000c\000t\000\040\000B\000o\000o\000k}{section.5}% 73
\BOOKMARK [2][-]{subsection.5.5}{\376\377\000P\000r\000o\000j\000e\000c\000t\000\040\0005\000:\000\040\000G\000r\000a\000d\000e\000\040\000C\000a\000l\000c\000u\000l\000a\000t\000o\000r}{section.5}% 74
\BOOKMARK [1][-]{section.6}{\376\377\000M\000a\000n\000a\000g\000i\000n\000g\000\040\000Y\000o\000u\000r\000\040\000P\000r\000o\000j\000e\000c\000t\000s\000\040\000w\000i\000t\000h\000\040\000G\000i\000t\000H\000u\000b}{}% 75
\BOOKMARK [2][-]{subsection.6.1}{\376\377\000W\000h\000a\000t\000\040\000i\000s\000\040\000G\000i\000t\000\040\000a\000n\000d\000\040\000G\000i\000t\000H\000u\000b\000?}{section.6}% 76
\BOOKMARK [2][-]{subsection.6.2}{\376\377\000I\000n\000s\000t\000a\000l\000l\000i\000n\000g\000\040\000G\000i\000t}{section.6}% 77
\BOOKMARK [2][-]{subsection.6.3}{\376\377\000C\000r\000e\000a\000t\000i\000n\000g\000\040\000a\000\040\000G\000i\000t\000H\000u\000b\000\040\000A\000c\000c\000o\000u\000n\000t}{section.6}% 78
\BOOKMARK [2][-]{subsection.6.4}{\376\377\000B\000a\000s\000i\000c\000\040\000G\000i\000t\000\040\000C\000o\000m\000m\000a\000n\000d\000s}{section.6}% 79
\BOOKMARK [2][-]{subsection.6.5}{\376\377\000W\000o\000r\000k\000f\000l\000o\000w\000\040\000f\000o\000r\000\040\000C\000\043\000\040\000P\000r\000o\000j\000e\000c\000t\000s}{section.6}% 80
\BOOKMARK [2][-]{subsection.6.6}{\376\377\000U\000s\000i\000n\000g\000\040\000G\000i\000t\000\040\000i\000n\000\040\000V\000i\000s\000u\000a\000l\000\040\000S\000t\000u\000d\000i\000o}{section.6}% 81
\BOOKMARK [2][-]{subsection.6.7}{\376\377\000B\000e\000s\000t\000\040\000P\000r\000a\000c\000t\000i\000c\000e\000s}{section.6}% 82
\BOOKMARK [1][-]{section.7}{\376\377\000C\000o\000n\000c\000l\000u\000s\000i\000o\000n}{}% 83
\BOOKMARK [2][-]{subsection.7.1}{\376\377\000W\000h\000a\000t\000\040\000Y\000o\000u\000'\000v\000e\000\040\000L\000e\000a\000r\000n\000e\000d}{section.7}% 84
\BOOKMARK [2][-]{subsection.7.2}{\376\377\000N\000e\000x\000t\000\040\000S\000t\000e\000p\000s\000\040\000i\000n\000\040\000Y\000o\000u\000r\000\040\000C\000\043\000\040\000J\000o\000u\000r\000n\000e\000y}{section.7}% 85
\BOOKMARK [2][-]{subsection.7.3}{\376\377\000R\000e\000s\000o\000u\000r\000c\000e\000s\000\040\000f\000o\000r\000\040\000C\000o\000n\000t\000i\000n\000u\000e\000d\000\040\000L\000e\000a\000r\000n\000i\000n\000g}{section.7}% 86
\BOOKMARK [2][-]{subsection.7.4}{\376\377\000T\000i\000p\000s\000\040\000f\000o\000r\000\040\000S\000u\000c\000c\000e\000s\000s}{section.7}% 87
\BOOKMARK [2][-]{subsection.7.5}{\376\377\000F\000i\000n\000a\000l\000\040\000T\000h\000o\000u\000g\000h\000t\000s}{section.7}% 88
